
-------------------------------------------------------------------------------
   ROBOCOPY     ::     Robust File Copy for Windows                              
-------------------------------------------------------------------------------

  Started : 26  2026 . 1:41:23
   Source : E:\LaguageProjects\language-trainer\
     Dest : E:\LaguageProjects\language-trainer\backups\snapshots\2026-02-25\

    Files : *.*
	    
 Exc Dirs : .git
	    backups
	    
  Options : *.* /NDL /NFL /S /E /DCOPY:DA /COPY:DAT /NP /R:1 /W:1 

------------------------------------------------------------------------------


------------------------------------------------------------------------------

               Total    Copied   Skipped  Mismatch    FAILED    Extras
    Dirs :        21        18         3         0         0         0
   Files :        45        45         0         0         0         1
   Bytes :   452.6 k   452.6 k         0         0         0         0
   Times :   0:00:00   0:00:00                       0:00:00   0:00:00


   Speed :           6 099 026 Bytes/sec.
   Speed :             348,989 MegaBytes/min.
   Ended : 26  2026 . 1:41:23

